<?xml version="1.0" encoding="UTF-8"?>
<!-- Generated by org.testng.reporters.JUnitReportReporter -->
<testsuite name="com.test.App.Test.GooglePageTest" tests="5" time="0.047" ignored="1" failures="0" timestamp="09 Jul 2018 17:28:20 GMT" skipped="0" hostname="DESKTOP-A33UP2O" errors="0">
  <testcase name="testDataProvider" time="0.000" classname="com.test.App.Test.GooglePageTest"/>
  <testcase name="testDataProvider" time="0.000" classname="com.test.App.Test.GooglePageTest"/>
  <testcase name="testDataProvider" time="0.000" classname="com.test.App.Test.GooglePageTest"/>
  <testcase name="testDataProvider" time="0.031" classname="com.test.App.Test.GooglePageTest"/>
  <testcase name="testDataProvider" time="0.016" classname="com.test.App.Test.GooglePageTest"/>
  <testcase name="verifyGoogleSearchFunctionality" classname="com.test.App.Test.GooglePageTest">
    <skipped/>
  </testcase> <!-- verifyGoogleSearchFunctionality -->
</testsuite> <!-- com.test.App.Test.GooglePageTest -->
