<?xml version="1.0" encoding="UTF-8"?>
<!-- Generated by org.testng.reporters.JUnitReportReporter -->
<testsuite name="com.test.App.Test.GooglePageTest" tests="1" time="13.441" ignored="0" failures="0" timestamp="01 Jul 2018 19:29:57 GMT" skipped="0" hostname="DESKTOP-A33UP2O" errors="0">
  <testcase name="verifyGoogleSearchFunctionality" time="13.441" classname="com.test.App.Test.GooglePageTest"/>
</testsuite> <!-- com.test.App.Test.GooglePageTest -->
