<?xml version="1.0" encoding="UTF-8"?>
<testsuite xmlns:xsi="http://www.w3.org/2001/XMLSchema-instance" xsi:noNamespaceSchemaLocation="https://maven.apache.org/surefire/maven-surefire-plugin/xsd/surefire-test-report.xsd" name="TestSuite" time="32.469" tests="1" errors="0" skipped="0" failures="0">
  <properties>
    <property name="sun.desktop" value="windows"/>
    <property name="awt.toolkit" value="sun.awt.windows.WToolkit"/>
    <property name="file.encoding.pkg" value="sun.io"/>
    <property name="java.specification.version" value="1.8"/>
    <property name="sun.cpu.isalist" value="pentium_pro+mmx pentium_pro pentium+mmx pentium i486 i386 i86"/>
    <property name="sun.jnu.encoding" value="Cp1252"/>
    <property name="java.class.path" value="C:\Users\kuldeepkumar\workspace\SeleniumTestFramework\target\test-classes;C:\Users\kuldeepkumar\workspace\SeleniumTestFramework\target\classes;C:\Users\kuldeepkumar\.m2\repository\org\seleniumhq\selenium\selenium-java\3.1.0\selenium-java-3.1.0.jar;C:\Users\kuldeepkumar\.m2\repository\org\seleniumhq\selenium\selenium-chrome-driver\3.1.0\selenium-chrome-driver-3.1.0.jar;C:\Users\kuldeepkumar\.m2\repository\org\seleniumhq\selenium\selenium-remote-driver\3.1.0\selenium-remote-driver-3.1.0.jar;C:\Users\kuldeepkumar\.m2\repository\org\seleniumhq\selenium\selenium-api\3.1.0\selenium-api-3.1.0.jar;C:\Users\kuldeepkumar\.m2\repository\cglib\cglib-nodep\3.2.4\cglib-nodep-3.2.4.jar;C:\Users\kuldeepkumar\.m2\repository\org\apache\commons\commons-exec\1.3\commons-exec-1.3.jar;C:\Users\kuldeepkumar\.m2\repository\com\google\code\gson\gson\2.3.1\gson-2.3.1.jar;C:\Users\kuldeepkumar\.m2\repository\com\google\guava\guava\21.0\guava-21.0.jar;C:\Users\kuldeepkumar\.m2\repository\net\java\dev\jna\jna-platform\4.1.0\jna-platform-4.1.0.jar;C:\Users\kuldeepkumar\.m2\repository\net\java\dev\jna\jna\4.1.0\jna-4.1.0.jar;C:\Users\kuldeepkumar\.m2\repository\org\seleniumhq\selenium\selenium-edge-driver\3.1.0\selenium-edge-driver-3.1.0.jar;C:\Users\kuldeepkumar\.m2\repository\org\seleniumhq\selenium\selenium-firefox-driver\3.1.0\selenium-firefox-driver-3.1.0.jar;C:\Users\kuldeepkumar\.m2\repository\org\seleniumhq\selenium\selenium-ie-driver\3.1.0\selenium-ie-driver-3.1.0.jar;C:\Users\kuldeepkumar\.m2\repository\org\seleniumhq\selenium\selenium-opera-driver\3.1.0\selenium-opera-driver-3.1.0.jar;C:\Users\kuldeepkumar\.m2\repository\org\seleniumhq\selenium\selenium-safari-driver\3.1.0\selenium-safari-driver-3.1.0.jar;C:\Users\kuldeepkumar\.m2\repository\org\seleniumhq\selenium\selenium-support\3.1.0\selenium-support-3.1.0.jar;C:\Users\kuldeepkumar\.m2\repository\junit\junit\4.12\junit-4.12.jar;C:\Users\kuldeepkumar\.m2\repository\org\hamcrest\hamcrest-core\1.3\hamcrest-core-1.3.jar;C:\Users\kuldeepkumar\.m2\repository\net\sourceforge\htmlunit\htmlunit\2.23\htmlunit-2.23.jar;C:\Users\kuldeepkumar\.m2\repository\xalan\xalan\2.7.2\xalan-2.7.2.jar;C:\Users\kuldeepkumar\.m2\repository\xalan\serializer\2.7.2\serializer-2.7.2.jar;C:\Users\kuldeepkumar\.m2\repository\org\apache\commons\commons-lang3\3.4\commons-lang3-3.4.jar;C:\Users\kuldeepkumar\.m2\repository\org\apache\httpcomponents\httpclient\4.5.2\httpclient-4.5.2.jar;C:\Users\kuldeepkumar\.m2\repository\org\apache\httpcomponents\httpcore\4.4.4\httpcore-4.4.4.jar;C:\Users\kuldeepkumar\.m2\repository\org\apache\httpcomponents\httpmime\4.5.2\httpmime-4.5.2.jar;C:\Users\kuldeepkumar\.m2\repository\commons-codec\commons-codec\1.10\commons-codec-1.10.jar;C:\Users\kuldeepkumar\.m2\repository\net\sourceforge\htmlunit\htmlunit-core-js\2.23\htmlunit-core-js-2.23.jar;C:\Users\kuldeepkumar\.m2\repository\net\sourceforge\htmlunit\neko-htmlunit\2.23\neko-htmlunit-2.23.jar;C:\Users\kuldeepkumar\.m2\repository\xerces\xercesImpl\2.11.0\xercesImpl-2.11.0.jar;C:\Users\kuldeepkumar\.m2\repository\xml-apis\xml-apis\1.4.01\xml-apis-1.4.01.jar;C:\Users\kuldeepkumar\.m2\repository\net\sourceforge\cssparser\cssparser\0.9.20\cssparser-0.9.20.jar;C:\Users\kuldeepkumar\.m2\repository\org\w3c\css\sac\1.3\sac-1.3.jar;C:\Users\kuldeepkumar\.m2\repository\commons-io\commons-io\2.5\commons-io-2.5.jar;C:\Users\kuldeepkumar\.m2\repository\commons-logging\commons-logging\1.2\commons-logging-1.2.jar;C:\Users\kuldeepkumar\.m2\repository\com\codeborne\phantomjsdriver\1.3.0\phantomjsdriver-1.3.0.jar;C:\Users\kuldeepkumar\.m2\repository\org\eclipse\jetty\websocket\websocket-client\9.2.15.v20160210\websocket-client-9.2.15.v20160210.jar;C:\Users\kuldeepkumar\.m2\repository\org\eclipse\jetty\jetty-util\9.2.15.v20160210\jetty-util-9.2.15.v20160210.jar;C:\Users\kuldeepkumar\.m2\repository\org\eclipse\jetty\jetty-io\9.2.15.v20160210\jetty-io-9.2.15.v20160210.jar;C:\Users\kuldeepkumar\.m2\repository\org\eclipse\jetty\websocket\websocket-common\9.2.15.v20160210\websocket-common-9.2.15.v20160210.jar;C:\Users\kuldeepkumar\.m2\repository\org\eclipse\jetty\websocket\websocket-api\9.2.15.v20160210\websocket-api-9.2.15.v20160210.jar;C:\Users\kuldeepkumar\.m2\repository\org\testng\testng\6.10\testng-6.10.jar;C:\Users\kuldeepkumar\.m2\repository\com\beust\jcommander\1.48\jcommander-1.48.jar;C:\Users\kuldeepkumar\.m2\repository\org\apache\maven\surefire\surefire-testng-utils\2.22.0\surefire-testng-utils-2.22.0.jar;C:\Users\kuldeepkumar\.m2\repository\org\apache\maven\surefire\surefire-grouper\2.22.0\surefire-grouper-2.22.0.jar;"/>
    <property name="java.vm.vendor" value="Oracle Corporation"/>
    <property name="sun.arch.data.model" value="32"/>
    <property name="user.variant" value=""/>
    <property name="java.vendor.url" value="http://java.oracle.com/"/>
    <property name="user.timezone" value="Asia/Calcutta"/>
    <property name="java.vm.specification.version" value="1.8"/>
    <property name="os.name" value="Windows 10"/>
    <property name="user.country" value="US"/>
    <property name="sun.java.launcher" value="SUN_STANDARD"/>
    <property name="sun.boot.library.path" value="C:\Program Files\Java\jdk1.8.0_111\jre\bin"/>
    <property name="sun.java.command" value="C:\Users\KULDEE~1\AppData\Local\Temp\surefire488091837749819507\surefirebooter4086187849464978037.jar C:\Users\kuldeepkumar\AppData\Local\Temp\surefire488091837749819507 2018-07-02T00-59-16_417-jvmRun1 surefire999124793658259657tmp surefire_03811388833636482337tmp"/>
    <property name="surefire.test.class.path" value="C:\Users\kuldeepkumar\workspace\SeleniumTestFramework\target\test-classes;C:\Users\kuldeepkumar\workspace\SeleniumTestFramework\target\classes;C:\Users\kuldeepkumar\.m2\repository\org\seleniumhq\selenium\selenium-java\3.1.0\selenium-java-3.1.0.jar;C:\Users\kuldeepkumar\.m2\repository\org\seleniumhq\selenium\selenium-chrome-driver\3.1.0\selenium-chrome-driver-3.1.0.jar;C:\Users\kuldeepkumar\.m2\repository\org\seleniumhq\selenium\selenium-remote-driver\3.1.0\selenium-remote-driver-3.1.0.jar;C:\Users\kuldeepkumar\.m2\repository\org\seleniumhq\selenium\selenium-api\3.1.0\selenium-api-3.1.0.jar;C:\Users\kuldeepkumar\.m2\repository\cglib\cglib-nodep\3.2.4\cglib-nodep-3.2.4.jar;C:\Users\kuldeepkumar\.m2\repository\org\apache\commons\commons-exec\1.3\commons-exec-1.3.jar;C:\Users\kuldeepkumar\.m2\repository\com\google\code\gson\gson\2.3.1\gson-2.3.1.jar;C:\Users\kuldeepkumar\.m2\repository\com\google\guava\guava\21.0\guava-21.0.jar;C:\Users\kuldeepkumar\.m2\repository\net\java\dev\jna\jna-platform\4.1.0\jna-platform-4.1.0.jar;C:\Users\kuldeepkumar\.m2\repository\net\java\dev\jna\jna\4.1.0\jna-4.1.0.jar;C:\Users\kuldeepkumar\.m2\repository\org\seleniumhq\selenium\selenium-edge-driver\3.1.0\selenium-edge-driver-3.1.0.jar;C:\Users\kuldeepkumar\.m2\repository\org\seleniumhq\selenium\selenium-firefox-driver\3.1.0\selenium-firefox-driver-3.1.0.jar;C:\Users\kuldeepkumar\.m2\repository\org\seleniumhq\selenium\selenium-ie-driver\3.1.0\selenium-ie-driver-3.1.0.jar;C:\Users\kuldeepkumar\.m2\repository\org\seleniumhq\selenium\selenium-opera-driver\3.1.0\selenium-opera-driver-3.1.0.jar;C:\Users\kuldeepkumar\.m2\repository\org\seleniumhq\selenium\selenium-safari-driver\3.1.0\selenium-safari-driver-3.1.0.jar;C:\Users\kuldeepkumar\.m2\repository\org\seleniumhq\selenium\selenium-support\3.1.0\selenium-support-3.1.0.jar;C:\Users\kuldeepkumar\.m2\repository\junit\junit\4.12\junit-4.12.jar;C:\Users\kuldeepkumar\.m2\repository\org\hamcrest\hamcrest-core\1.3\hamcrest-core-1.3.jar;C:\Users\kuldeepkumar\.m2\repository\net\sourceforge\htmlunit\htmlunit\2.23\htmlunit-2.23.jar;C:\Users\kuldeepkumar\.m2\repository\xalan\xalan\2.7.2\xalan-2.7.2.jar;C:\Users\kuldeepkumar\.m2\repository\xalan\serializer\2.7.2\serializer-2.7.2.jar;C:\Users\kuldeepkumar\.m2\repository\org\apache\commons\commons-lang3\3.4\commons-lang3-3.4.jar;C:\Users\kuldeepkumar\.m2\repository\org\apache\httpcomponents\httpclient\4.5.2\httpclient-4.5.2.jar;C:\Users\kuldeepkumar\.m2\repository\org\apache\httpcomponents\httpcore\4.4.4\httpcore-4.4.4.jar;C:\Users\kuldeepkumar\.m2\repository\org\apache\httpcomponents\httpmime\4.5.2\httpmime-4.5.2.jar;C:\Users\kuldeepkumar\.m2\repository\commons-codec\commons-codec\1.10\commons-codec-1.10.jar;C:\Users\kuldeepkumar\.m2\repository\net\sourceforge\htmlunit\htmlunit-core-js\2.23\htmlunit-core-js-2.23.jar;C:\Users\kuldeepkumar\.m2\repository\net\sourceforge\htmlunit\neko-htmlunit\2.23\neko-htmlunit-2.23.jar;C:\Users\kuldeepkumar\.m2\repository\xerces\xercesImpl\2.11.0\xercesImpl-2.11.0.jar;C:\Users\kuldeepkumar\.m2\repository\xml-apis\xml-apis\1.4.01\xml-apis-1.4.01.jar;C:\Users\kuldeepkumar\.m2\repository\net\sourceforge\cssparser\cssparser\0.9.20\cssparser-0.9.20.jar;C:\Users\kuldeepkumar\.m2\repository\org\w3c\css\sac\1.3\sac-1.3.jar;C:\Users\kuldeepkumar\.m2\repository\commons-io\commons-io\2.5\commons-io-2.5.jar;C:\Users\kuldeepkumar\.m2\repository\commons-logging\commons-logging\1.2\commons-logging-1.2.jar;C:\Users\kuldeepkumar\.m2\repository\com\codeborne\phantomjsdriver\1.3.0\phantomjsdriver-1.3.0.jar;C:\Users\kuldeepkumar\.m2\repository\org\eclipse\jetty\websocket\websocket-client\9.2.15.v20160210\websocket-client-9.2.15.v20160210.jar;C:\Users\kuldeepkumar\.m2\repository\org\eclipse\jetty\jetty-util\9.2.15.v20160210\jetty-util-9.2.15.v20160210.jar;C:\Users\kuldeepkumar\.m2\repository\org\eclipse\jetty\jetty-io\9.2.15.v20160210\jetty-io-9.2.15.v20160210.jar;C:\Users\kuldeepkumar\.m2\repository\org\eclipse\jetty\websocket\websocket-common\9.2.15.v20160210\websocket-common-9.2.15.v20160210.jar;C:\Users\kuldeepkumar\.m2\repository\org\eclipse\jetty\websocket\websocket-api\9.2.15.v20160210\websocket-api-9.2.15.v20160210.jar;C:\Users\kuldeepkumar\.m2\repository\org\testng\testng\6.10\testng-6.10.jar;C:\Users\kuldeepkumar\.m2\repository\com\beust\jcommander\1.48\jcommander-1.48.jar;C:\Users\kuldeepkumar\.m2\repository\org\apache\maven\surefire\surefire-testng-utils\2.22.0\surefire-testng-utils-2.22.0.jar;C:\Users\kuldeepkumar\.m2\repository\org\apache\maven\surefire\surefire-grouper\2.22.0\surefire-grouper-2.22.0.jar;"/>
    <property name="sun.cpu.endian" value="little"/>
    <property name="user.home" value="C:\Users\kuldeepkumar"/>
    <property name="user.language" value="en"/>
    <property name="java.specification.vendor" value="Oracle Corporation"/>
    <property name="java.home" value="C:\Program Files\Java\jdk1.8.0_111\jre"/>
    <property name="basedir" value="C:\Users\kuldeepkumar\workspace\SeleniumTestFramework"/>
    <property name="file.separator" value="\"/>
    <property name="line.separator" value="&#10;"/>
    <property name="java.vm.specification.vendor" value="Oracle Corporation"/>
    <property name="java.specification.name" value="Java Platform API Specification"/>
    <property name="java.awt.graphicsenv" value="sun.awt.Win32GraphicsEnvironment"/>
    <property name="surefire.real.class.path" value="C:\Users\KULDEE~1\AppData\Local\Temp\surefire488091837749819507\surefirebooter4086187849464978037.jar"/>
    <property name="sun.boot.class.path" value="C:\Program Files\Java\jdk1.8.0_111\jre\lib\resources.jar;C:\Program Files\Java\jdk1.8.0_111\jre\lib\rt.jar;C:\Program Files\Java\jdk1.8.0_111\jre\lib\sunrsasign.jar;C:\Program Files\Java\jdk1.8.0_111\jre\lib\jsse.jar;C:\Program Files\Java\jdk1.8.0_111\jre\lib\jce.jar;C:\Program Files\Java\jdk1.8.0_111\jre\lib\charsets.jar;C:\Program Files\Java\jdk1.8.0_111\jre\lib\jfr.jar;C:\Program Files\Java\jdk1.8.0_111\jre\classes"/>
    <property name="user.script" value=""/>
    <property name="sun.management.compiler" value="HotSpot Client Compiler"/>
    <property name="java.runtime.version" value="1.8.0_111-b14"/>
    <property name="user.name" value="kuldeepkumar"/>
    <property name="path.separator" value=";"/>
    <property name="os.version" value="10.0"/>
    <property name="java.endorsed.dirs" value="C:\Program Files\Java\jdk1.8.0_111\jre\lib\endorsed"/>
    <property name="java.runtime.name" value="Java(TM) SE Runtime Environment"/>
    <property name="file.encoding" value="Cp1252"/>
    <property name="java.vm.name" value="Java HotSpot(TM) Client VM"/>
    <property name="localRepository" value="C:\Users\kuldeepkumar\.m2\repository"/>
    <property name="java.vendor.url.bug" value="http://bugreport.sun.com/bugreport/"/>
    <property name="java.io.tmpdir" value="C:\Users\KULDEE~1\AppData\Local\Temp\"/>
    <property name="java.version" value="1.8.0_111"/>
    <property name="user.dir" value="C:\Users\kuldeepkumar\workspace\SeleniumTestFramework"/>
    <property name="os.arch" value="x86"/>
    <property name="java.vm.specification.name" value="Java Virtual Machine Specification"/>
    <property name="java.awt.printerjob" value="sun.awt.windows.WPrinterJob"/>
    <property name="sun.os.patch.level" value=""/>
    <property name="java.library.path" value="C:\Program Files\Java\jdk1.8.0_111\jre\bin;C:\WINDOWS\Sun\Java\bin;C:\WINDOWS\system32;C:\WINDOWS;C:/Program Files/Java/jre1.8.0_161/bin/client;C:/Program Files/Java/jre1.8.0_161/bin;C:/Program Files/Java/jre1.8.0_161/lib/i386;C:\ProgramData\Oracle\Java\javapath;C:\WINDOWS\system32;C:\WINDOWS;C:\WINDOWS\System32\Wbem;C:\WINDOWS\System32\WindowsPowerShell\v1.0\;C:\Program Files\Java\jdk1.8.0_111;C:\apache-maven-3.3.3\bin;C:\Python27;C:\Python27\Lib;C:\Python27\DLLs;C:\Python27\Lib\lib-tk;C:\Program Files\nodejs\;C:\Users\kuldeepkumar\AppData\Roaming\npm;C:\WINDOWS\System32\OpenSSH\;C:\ProgramData\Oracle\Java\javapath;C:\Windows\system32;C:\Windows;C:\Windows\System32\Wbem;C:\Windows\System32\WindowsPowerShell\v1.0\;C:\Program Files\Java\jdk1.8.0_111;C:\Users\kuldeepkumar\AppData\Local\Microsoft\WindowsApps;C:\apache-maven-3.3.3\bin;C:\Users\kuldeepkumar\AppData\Roaming\npm;C:\Users\kuldeepkumar\AppData\Local\Microsoft\WindowsApps;;C:\Users\kuldeepkumar\Downloads\Compressed\eclipse;;."/>
    <property name="java.vm.info" value="mixed mode"/>
    <property name="java.vendor" value="Oracle Corporation"/>
    <property name="java.vm.version" value="25.111-b14"/>
    <property name="java.ext.dirs" value="C:\Program Files\Java\jdk1.8.0_111\jre\lib\ext;C:\WINDOWS\Sun\Java\lib\ext"/>
    <property name="sun.io.unicode.encoding" value="UnicodeLittle"/>
    <property name="java.class.version" value="52.0"/>
  </properties>
  <testcase name="verifyGoogleSearchFunctionality" classname="com.test.App.Test.GooglePageTest" time="13.519"/>
</testsuite>